modules/moudie-emulator/android/build/intermediates/manifest_merge_blame_file/debug/processDebugManifest/manifest-merger-blame-debug-report.txt
1<?xml version="1.0" encoding="utf-8"?>
2<manifest xmlns:android="http://schemas.android.com/apk/res/android"
3    package="expo.modules.moudieemulator" >
4
5    <uses-sdk android:minSdkVersion="24" />
6
7    <application>
7-->src/main/AndroidManifest.xml:2:3-15:17
8        <activity
8-->src/main/AndroidManifest.xml:3:5-8:72
9            android:name="expo.modules.moudieemulator.PS1PlayerActivity"
9-->src/main/AndroidManifest.xml:4:7-40
10            android:configChanges="keyboard|keyboardHidden|orientation|screenSize|smallestScreenSize|screenLayout|uiMode"
10-->src/main/AndroidManifest.xml:5:7-116
11            android:exported="false"
11-->src/main/AndroidManifest.xml:6:7-31
12            android:screenOrientation="landscape"
12-->src/main/AndroidManifest.xml:7:7-44
13            android:theme="@android:style/Theme.DeviceDefault.NoActionBar" />
13-->src/main/AndroidManifest.xml:8:7-69
14        <activity
14-->src/main/AndroidManifest.xml:9:5-14:72
15            android:name="expo.modules.moudieemulator.FamicomCompatPlayerActivity"
15-->src/main/AndroidManifest.xml:10:7-50
16            android:configChanges="keyboard|keyboardHidden|orientation|screenSize|smallestScreenSize|screenLayout|uiMode"
16-->src/main/AndroidManifest.xml:11:7-116
17            android:exported="false"
17-->src/main/AndroidManifest.xml:12:7-31
18            android:screenOrientation="landscape"
18-->src/main/AndroidManifest.xml:13:7-44
19            android:theme="@android:style/Theme.DeviceDefault.NoActionBar" />
19-->src/main/AndroidManifest.xml:14:7-69
20    </application>
21
22</manifest>